<?xml version="1.0" encoding="UTF-8"?>
<!-- Generated by org.testng.reporters.JUnitXMLReporter -->
<testsuite hostname="LAPTOP-FJTFK8CC" ignored="0" name="BankingApp Test" tests="2" failures="0" timestamp="2020-08-18T22:50:44 BST" time="44.529" errors="0">
  <testcase name="loginTest" time="3.897" classname="com.inetbanking.testCases.TC_LoginTest_001"/>
  <testcase name="addCustomer" time="24.973" classname="com.inetbanking.testCases.TC_AddCustomer_003"/>
</testsuite> <!-- BankingApp Test -->
