<?xml version="1.0" encoding="UTF-8"?>
<testng-results skipped="0" failed="0" ignored="0" total="2" passed="2">
  <reporter-output>
  </reporter-output>
  <suite name="InetBankingv1" duration-ms="44529" started-at="2020-08-18T22:49:59 BST" finished-at="2020-08-18T22:50:44 BST">
    <groups>
    </groups>
    <test name="BankingApp Test" duration-ms="44529" started-at="2020-08-18T22:49:59 BST" finished-at="2020-08-18T22:50:44 BST">
      <class name="com.inetbanking.testCases.TC_LoginTest_001">
        <test-method status="PASS" signature="setup(java.lang.String)[pri:0, instance:com.inetbanking.testCases.TC_LoginTest_001@6a4f787b]" name="setup" is-config="true" duration-ms="7343" started-at="2020-08-18T22:50:00 BST" finished-at="2020-08-18T22:50:07 BST">
          <params>
            <param index="0">
              <value>
                <![CDATA[chrome]]>
              </value>
            </param>
          </params>
          <reporter-output>
          </reporter-output>
        </test-method> <!-- setup -->
        <test-method status="PASS" signature="loginTest()[pri:0, instance:com.inetbanking.testCases.TC_LoginTest_001@6a4f787b]" name="loginTest" duration-ms="3897" started-at="2020-08-18T22:50:07 BST" finished-at="2020-08-18T22:50:11 BST">
          <reporter-output>
          </reporter-output>
        </test-method> <!-- loginTest -->
        <test-method status="PASS" signature="tearDown()[pri:0, instance:com.inetbanking.testCases.TC_LoginTest_001@6a4f787b]" name="tearDown" is-config="true" duration-ms="1155" started-at="2020-08-18T22:50:11 BST" finished-at="2020-08-18T22:50:12 BST">
          <reporter-output>
          </reporter-output>
        </test-method> <!-- tearDown -->
      </class> <!-- com.inetbanking.testCases.TC_LoginTest_001 -->
      <class name="com.inetbanking.testCases.TC_AddCustomer_003">
        <test-method status="PASS" signature="setup(java.lang.String)[pri:0, instance:com.inetbanking.testCases.TC_AddCustomer_003@685cb137]" name="setup" is-config="true" duration-ms="6258" started-at="2020-08-18T22:50:12 BST" finished-at="2020-08-18T22:50:18 BST">
          <params>
            <param index="0">
              <value>
                <![CDATA[chrome]]>
              </value>
            </param>
          </params>
          <reporter-output>
          </reporter-output>
        </test-method> <!-- setup -->
        <test-method status="PASS" signature="addCustomer()[pri:0, instance:com.inetbanking.testCases.TC_AddCustomer_003@685cb137]" name="addCustomer" duration-ms="24973" started-at="2020-08-18T22:50:18 BST" finished-at="2020-08-18T22:50:43 BST">
          <reporter-output>
          </reporter-output>
        </test-method> <!-- addCustomer -->
        <test-method status="PASS" signature="tearDown()[pri:0, instance:com.inetbanking.testCases.TC_AddCustomer_003@685cb137]" name="tearDown" is-config="true" duration-ms="629" started-at="2020-08-18T22:50:43 BST" finished-at="2020-08-18T22:50:44 BST">
          <reporter-output>
          </reporter-output>
        </test-method> <!-- tearDown -->
      </class> <!-- com.inetbanking.testCases.TC_AddCustomer_003 -->
    </test> <!-- BankingApp Test -->
  </suite> <!-- InetBankingv1 -->
</testng-results>
